This subhalo does not enter Rvir
This subhalo does not enter Rvir
This subhalo does not enter Rvir
This subhalo does not enter Rvir
This subhalo does not enter Rvir
This subhalo does not enter Rvir
This subhalo does not enter Rvir
This subhalo does not enter Rvir
This subhalo does not enter Rvir
This subhalo does not enter Rvir
This subhalo does not enter Rvir
This subhalo does not enter Rvir
This subhalo does not enter Rvir
This subhalo does not enter Rvir
This subhalo does not enter Rvir
This subhalo does not enter Rvir
This subhalo does not enter Rvir
This subhalo does not enter Rvir
This subhalo does not enter Rvir
This subhalo does not enter Rvir
This subhalo does not enter Rvir
This subhalo does not enter Rvir
This subhalo does not enter Rvir
This subhalo does not enter Rvir
This subhalo does not enter Rvir
This subhalo does not enter Rvir
This subhalo does not enter Rvir
This subhalo does not enter Rvir
This subhalo does not enter Rvir
This subhalo does not enter Rvir
This subhalo does not enter Rvir
This subhalo does not enter Rvir
This subhalo does not enter Rvir
This subhalo does not enter Rvir
This subhalo does not enter Rvir
This subhalo does not enter Rvir
This subhalo does not enter Rvir
This subhalo does not enter Rvir
This subhalo does not enter Rvir
This subhalo does not enter Rvir
This subhalo does not enter Rvir
This subhalo does not enter Rvir
[<warnings.WarningMessage object at 0x7ff2f3242190>]
This subhalo does not enter Rvir
This subhalo does not enter Rvir
[<warnings.WarningMessage object at 0x7ff2f2e2bd00>, <warnings.WarningMessage object at 0x7ff2f2e2b9d0>]
This subhalo does not enter Rvir
This subhalo does not enter Rvir
Rh value not found for 295 at snap 66, max mstar snap is 94
This subhalo does not enter Rvir
This subhalo does not enter Rvir
This subhalo does not enter Rvir
This subhalo does not enter Rvir
This subhalo does not enter Rvir
This subhalo does not enter Rvir
This subhalo does not enter Rvir
This subhalo does not enter Rvir
[<warnings.WarningMessage object at 0x7ff2f3103130>, <warnings.WarningMessage object at 0x7ff2f31030d0>]
[<warnings.WarningMessage object at 0x7ff2f2e82dc0>, <warnings.WarningMessage object at 0x7ff2f2e82e20>]
This subhalo does not enter Rvir
This subhalo does not enter Rvir
This subhalo does not enter Rvir
[<warnings.WarningMessage object at 0x7ff2f31656a0>]
[<warnings.WarningMessage object at 0x7ff2f309a700>, <warnings.WarningMessage object at 0x7ff2f309aee0>]
This subhalo does not enter Rvir
This subhalo does not enter Rvir
This subhalo does not enter Rvir
[<warnings.WarningMessage object at 0x7ff2f2fca0a0>]
[<warnings.WarningMessage object at 0x7ff2f2fddb20>, <warnings.WarningMessage object at 0x7ff2f2fddaf0>, <warnings.WarningMessage object at 0x7ff2f2fddc40>]
[<warnings.WarningMessage object at 0x7ff2f32eddc0>, <warnings.WarningMessage object at 0x7ff2f32edf70>, <warnings.WarningMessage object at 0x7ff2f32ed640>]
[<warnings.WarningMessage object at 0x7ff2f3155be0>, <warnings.WarningMessage object at 0x7ff2f3155d00>]
[<warnings.WarningMessage object at 0x7ff2f2bb00a0>, <warnings.WarningMessage object at 0x7ff2f2bb0250>]
This subhalo does not enter Rvir
Rh value not found for 13727 at snap 30, max mstar snap is 32
This subhalo does not enter Rvir
[<warnings.WarningMessage object at 0x7ff2f31aa310>]
Rh value not found for 9004 at snap 26, max mstar snap is 29
This subhalo does not enter Rvir
Rh value not found for 8313 at snap 35, max mstar snap is 42
This subhalo does not enter Rvir
[<warnings.WarningMessage object at 0x7ff2f307ce80>, <warnings.WarningMessage object at 0x7ff2f307ce50>]
This subhalo does not enter Rvir
[<warnings.WarningMessage object at 0x7ff2f2dece50>]
This subhalo does not enter Rvir
This subhalo does not enter Rvir
[<warnings.WarningMessage object at 0x7ff2f2f1f520>, <warnings.WarningMessage object at 0x7ff2f2f1f580>]
[<warnings.WarningMessage object at 0x7ff2f2ad7e20>]
This subhalo does not enter Rvir
